<?xml version="1.0" encoding="UTF-8"?>
<robot generator="Robot 4.1.3 (Python 3.10.1 on win32)" generated="20220121 00:09:43.538" rpa="false" schemaversion="2">
<suite id="s1" name="BlogTest" source="C:\RobotFramework\QArentenaBlogTest\BlogTest.robot">
<test id="s1-t1" name="Caso de teste 01: Pesquisar um post">
<kw name="Acessar a página do blog" library="ResourceBlogTest" type="SETUP">
<kw name="Open Browser" library="SeleniumLibrary">
<arg>url=${URL}</arg>
<arg>browser=${BROWSER}</arg>
<doc>Opens a new browser instance to the optional ``url``.</doc>
<msg timestamp="20220121 00:09:44.119" level="INFO">Opening browser 'chrome' to base url 'http://robotizandotestes.blogspot.com/'.</msg>
<status status="PASS" starttime="20220121 00:09:44.118" endtime="20220121 00:09:51.480"/>
</kw>
<kw name="Title Should Be" library="SeleniumLibrary">
<arg>Robotizando Testes</arg>
<doc>Verifies that the current page title equals ``title``.</doc>
<msg timestamp="20220121 00:09:51.494" level="INFO">Page title is 'Robotizando Testes'.</msg>
<status status="PASS" starttime="20220121 00:09:51.481" endtime="20220121 00:09:51.495"/>
</kw>
<status status="PASS" starttime="20220121 00:09:44.117" endtime="20220121 00:09:51.495"/>
</kw>
<kw name="Pesquisar um post contendo &quot;Season Premiere: Introdução ao Robot Framework&quot;" library="ResourceBlogTest" sourcename="Pesquisar um post contendo &quot;${TEXTO_PESQUISA}&quot;">
<kw name="Wait Until Element Is Visible" library="SeleniumLibrary">
<arg>locator=${BTN_PESQUISAR}</arg>
<doc>Waits until the element ``locator`` is visible.</doc>
<status status="PASS" starttime="20220121 00:09:51.498" endtime="20220121 00:09:51.570"/>
</kw>
<kw name="Click Button" library="SeleniumLibrary">
<arg>${BTN_PESQUISAR}</arg>
<doc>Clicks the button identified by ``locator``.</doc>
<msg timestamp="20220121 00:09:51.571" level="INFO">Clicking button 'css=button.search-expand.touch-icon-button'.</msg>
<status status="PASS" starttime="20220121 00:09:51.570" endtime="20220121 00:09:51.719"/>
</kw>
<kw name="Input Text" library="SeleniumLibrary">
<arg>${INPUT_PESQUISAR}</arg>
<arg>${TEXTO_PESQUISA}</arg>
<doc>Types the given ``text`` into the text field identified by ``locator``.</doc>
<msg timestamp="20220121 00:09:51.722" level="INFO">Typing text 'Season Premiere: Introdução ao Robot Framework' into text field 'name=q'.</msg>
<status status="PASS" starttime="20220121 00:09:51.720" endtime="20220121 00:09:51.990"/>
</kw>
<kw name="Wait Until Element Is Visible" library="SeleniumLibrary">
<arg>locator=${SUBMIT_PESQUISAR}</arg>
<doc>Waits until the element ``locator`` is visible.</doc>
<status status="PASS" starttime="20220121 00:09:51.991" endtime="20220121 00:09:52.026"/>
</kw>
<kw name="Click Element" library="SeleniumLibrary">
<arg>${SUBMIT_PESQUISAR}</arg>
<doc>Click the element identified by ``locator``.</doc>
<msg timestamp="20220121 00:09:52.027" level="INFO">Clicking element 'css=input.search-action.flat-button'.</msg>
<status status="PASS" starttime="20220121 00:09:52.026" endtime="20220121 00:09:53.954"/>
</kw>
<status status="PASS" starttime="20220121 00:09:51.496" endtime="20220121 00:09:53.955"/>
</kw>
<kw name="Conferir mensagem de pesquisa &quot;Mostrando postagens que correspondem à pesquisa por Season Premiere: Introdução ao Robot Framework&quot;" library="ResourceBlogTest" sourcename="Conferir mensagem de pesquisa &quot;${MSG_DESEJADA}&quot;">
<kw name="Page Should Contain" library="SeleniumLibrary">
<arg>text=${MSG_DESEJADA}</arg>
<doc>Verifies that current page contains ``text``.</doc>
<msg timestamp="20220121 00:09:54.034" level="INFO">Current page contains text 'Mostrando postagens que correspondem à pesquisa por Season Premiere: Introdução ao Robot Framework'.</msg>
<status status="PASS" starttime="20220121 00:09:53.962" endtime="20220121 00:09:54.034"/>
</kw>
<status status="PASS" starttime="20220121 00:09:53.961" endtime="20220121 00:09:54.034"/>
</kw>
<kw name="Fechar Navegador" library="ResourceBlogTest" type="TEARDOWN">
<kw name="Close Browser" library="SeleniumLibrary">
<doc>Closes the current browser.</doc>
<status status="PASS" starttime="20220121 00:09:54.037" endtime="20220121 00:09:56.539"/>
</kw>
<status status="PASS" starttime="20220121 00:09:54.036" endtime="20220121 00:09:56.540"/>
</kw>
<status status="PASS" starttime="20220121 00:09:44.116" endtime="20220121 00:09:56.541"/>
</test>
<test id="s1-t2" name="Caso de teste 02: Ler um post">
<kw name="Acessar a página do blog" library="ResourceBlogTest" type="SETUP">
<kw name="Open Browser" library="SeleniumLibrary">
<arg>url=${URL}</arg>
<arg>browser=${BROWSER}</arg>
<doc>Opens a new browser instance to the optional ``url``.</doc>
<msg timestamp="20220121 00:09:56.554" level="INFO">Opening browser 'chrome' to base url 'http://robotizandotestes.blogspot.com/'.</msg>
<status status="PASS" starttime="20220121 00:09:56.550" endtime="20220121 00:10:02.819"/>
</kw>
<kw name="Title Should Be" library="SeleniumLibrary">
<arg>Robotizando Testes</arg>
<doc>Verifies that the current page title equals ``title``.</doc>
<msg timestamp="20220121 00:10:02.834" level="INFO">Page title is 'Robotizando Testes'.</msg>
<status status="PASS" starttime="20220121 00:10:02.820" endtime="20220121 00:10:02.834"/>
</kw>
<status status="PASS" starttime="20220121 00:09:56.548" endtime="20220121 00:10:02.834"/>
</kw>
<kw name="Acessar o post &quot;Season Premiere: Introdução ao Robot Framework&quot;" library="ResourceBlogTest" sourcename="Acessar o post &quot;${TEXTO_PESQUISA}&quot;">
<kw name="Pesquisar um post contendo &quot;${TEXTO_PESQUISA}&quot;" library="ResourceBlogTest" sourcename="Pesquisar um post contendo &quot;${TEXTO_PESQUISA}&quot;">
<kw name="Wait Until Element Is Visible" library="SeleniumLibrary">
<arg>locator=${BTN_PESQUISAR}</arg>
<doc>Waits until the element ``locator`` is visible.</doc>
<status status="PASS" starttime="20220121 00:10:02.838" endtime="20220121 00:10:02.896"/>
</kw>
<kw name="Click Button" library="SeleniumLibrary">
<arg>${BTN_PESQUISAR}</arg>
<doc>Clicks the button identified by ``locator``.</doc>
<msg timestamp="20220121 00:10:02.896" level="INFO">Clicking button 'css=button.search-expand.touch-icon-button'.</msg>
<status status="PASS" starttime="20220121 00:10:02.896" endtime="20220121 00:10:02.984"/>
</kw>
<kw name="Input Text" library="SeleniumLibrary">
<arg>${INPUT_PESQUISAR}</arg>
<arg>${TEXTO_PESQUISA}</arg>
<doc>Types the given ``text`` into the text field identified by ``locator``.</doc>
<msg timestamp="20220121 00:10:02.986" level="INFO">Typing text 'Season Premiere: Introdução ao Robot Framework' into text field 'name=q'.</msg>
<status status="PASS" starttime="20220121 00:10:02.985" endtime="20220121 00:10:03.248"/>
</kw>
<kw name="Wait Until Element Is Visible" library="SeleniumLibrary">
<arg>locator=${SUBMIT_PESQUISAR}</arg>
<doc>Waits until the element ``locator`` is visible.</doc>
<status status="PASS" starttime="20220121 00:10:03.248" endtime="20220121 00:10:03.282"/>
</kw>
<kw name="Click Element" library="SeleniumLibrary">
<arg>${SUBMIT_PESQUISAR}</arg>
<doc>Click the element identified by ``locator``.</doc>
<msg timestamp="20220121 00:10:03.283" level="INFO">Clicking element 'css=input.search-action.flat-button'.</msg>
<status status="PASS" starttime="20220121 00:10:03.283" endtime="20220121 00:10:05.198"/>
</kw>
<status status="PASS" starttime="20220121 00:10:02.837" endtime="20220121 00:10:05.198"/>
</kw>
<kw name="Click Link" library="SeleniumLibrary">
<arg>${LINK_POST}</arg>
<doc>Clicks a link identified by ``locator``.</doc>
<msg timestamp="20220121 00:10:05.199" level="INFO">Clicking link 'xpath=//a[contains(text(),'Season Premiere: Introdução ao Robot Framework')]'.</msg>
<status status="PASS" starttime="20220121 00:10:05.198" endtime="20220121 00:10:07.253"/>
</kw>
<kw name="Wait Until Page Contains" library="SeleniumLibrary">
<arg>O que é Robot Framework?</arg>
<doc>Waits until ``text`` appears on the current page.</doc>
<status status="PASS" starttime="20220121 00:10:07.253" endtime="20220121 00:10:07.282"/>
</kw>
<status status="PASS" starttime="20220121 00:10:02.836" endtime="20220121 00:10:07.283"/>
</kw>
<kw name="Conferir se a imagem do robô é exibida" library="ResourceBlogTest">
<kw name="Page Should Contain Image" library="SeleniumLibrary">
<arg>${IMG_ROBO}</arg>
<doc>Verifies image identified by ``locator`` is found from current page.</doc>
<msg timestamp="20220121 00:10:07.324" level="INFO">Current page contains image 'xpath=//img[contains(@src, 'if_Robot_18_385830_grande')]'.</msg>
<status status="PASS" starttime="20220121 00:10:07.284" endtime="20220121 00:10:07.324"/>
</kw>
<status status="PASS" starttime="20220121 00:10:07.283" endtime="20220121 00:10:07.324"/>
</kw>
<kw name="Conferir no post se o texto &quot;nesse post vou apresentar-lhes o astro deste blog:&quot; é exibido" library="ResourceBlogTest" sourcename="Conferir no post se o texto &quot;${TEXTO_DESEJADO}&quot; é exibido">
<kw name="Page Should Contain" library="SeleniumLibrary">
<arg>text=${TEXTO_DESEJADO}</arg>
<doc>Verifies that current page contains ``text``.</doc>
<msg timestamp="20220121 00:10:07.363" level="INFO">Current page contains text 'nesse post vou apresentar-lhes o astro deste blog:'.</msg>
<status status="PASS" starttime="20220121 00:10:07.326" endtime="20220121 00:10:07.363"/>
</kw>
<status status="PASS" starttime="20220121 00:10:07.325" endtime="20220121 00:10:07.364"/>
</kw>
<kw name="Fechar Navegador" library="ResourceBlogTest" type="TEARDOWN">
<kw name="Close Browser" library="SeleniumLibrary">
<doc>Closes the current browser.</doc>
<status status="PASS" starttime="20220121 00:10:07.365" endtime="20220121 00:10:09.908"/>
</kw>
<status status="PASS" starttime="20220121 00:10:07.364" endtime="20220121 00:10:09.909"/>
</kw>
<status status="PASS" starttime="20220121 00:09:56.545" endtime="20220121 00:10:09.910"/>
</test>
<status status="PASS" starttime="20220121 00:09:43.542" endtime="20220121 00:10:09.917"/>
</suite>
<statistics>
<total>
<stat pass="2" fail="0" skip="0">All Tests</stat>
</total>
<tag>
</tag>
<suite>
<stat pass="2" fail="0" skip="0" id="s1" name="BlogTest">BlogTest</stat>
</suite>
</statistics>
<errors>
</errors>
</robot>
